2026.03.06 16:01:34 INFO  Started: Metals version 1.6.6 in folders '/home/asura/projects/exposure/services/store-service' for client Neovim 0.11.6+v0.11.6.
2026.03.06 16:01:34 INFO  Memory monitor started
2026.03.06 16:01:34 WARN  Using H2 2.4.240 which is newer than the version Flyway has been verified with. The latest verified version of H2 is 2.3.232.
2026.03.06 16:01:35 INFO  no build target found for /home/asura/projects/exposure/services/store-service/src/main/scala/dev/asura/store/Main.scala. Using presentation compiler with project's scala-library version: 3.3.7
2026.03.06 16:01:44 INFO  running '/home/asura/software/sbt-1.12.4/sbt/bin/sbt -Dbloop.export-jar-classifiers=sources bloopInstall'
2026.03.06 16:01:45 INFO  [info] welcome to sbt 1.12.4 (Arch Linux Java 25.0.2)
2026.03.06 16:01:46 INFO  [info] loading settings for project store-service-build-build from metals.sbt...
2026.03.06 16:01:46 INFO  [info] loading project definition from /home/asura/projects/exposure/services/store-service/project/project
2026.03.06 16:01:51 INFO  [info] loading settings for project store-service-build from metals.sbt...
2026.03.06 16:01:51 INFO  [info] loading project definition from /home/asura/projects/exposure/services/store-service/project
2026.03.06 16:01:56 INFO  [success] Generated .bloop/store-service-build.json
2026.03.06 16:01:56 INFO  [success] Total time: 5 s, completed Mar 6, 2026, 4:01:56 PM
2026.03.06 16:01:56 INFO  [info] loading settings for project store-service from build.sbt...
2026.03.06 16:01:56 INFO  [info] set current project to store-service (in build file:/home/asura/projects/exposure/services/store-service/)
2026.03.06 16:01:59 INFO  [success] Generated .bloop/store-service.json
2026.03.06 16:01:59 INFO  [success] Generated .bloop/store-service-test.json
2026.03.06 16:01:59 INFO  [success] Total time: 3 s, completed Mar 6, 2026, 4:01:59 PM
2026.03.06 16:02:00 INFO  time: ran 'sbt bloopInstall' in 15s
2026.03.06 16:02:00 INFO  Attempting to connect to the build server...
2026.03.06 16:02:00 INFO  No running Bloop server found, starting one.
2026.03.06 16:02:09 WARN  no build target for: /home/asura/projects/exposure/services/store-service/src/main/scala/dev/asura/store/Main.scala
2026.03.06 16:02:09 INFO  no build target found for /home/asura/projects/exposure/services/store-service/src/main/scala/dev/asura/store/Main.scala. Using presentation compiler with project's scala-library version: 3.3.7
2026.03.06 16:02:20 INFO  Starting compilation server
2026.03.06 16:02:20 INFO  tracing is disabled for protocol BSP, to enable tracing of incoming and outgoing JSON messages create an empty file at /home/asura/projects/exposure/services/store-service/.metals/bsp.trace.json or /home/asura/.cache/metals/bsp.trace.json
2026.03.06 16:02:21 INFO  Attempting to connect to the build server...
2026.03.06 16:02:21 INFO  Found a Bloop server running
2026.03.06 16:02:21 INFO  tracing is disabled for protocol BSP, to enable tracing of incoming and outgoing JSON messages create an empty file at /home/asura/projects/exposure/services/store-service/project/.metals/bsp.trace.json or /home/asura/.cache/metals/bsp.trace.json
2026.03.06 16:02:24 INFO  time: Connected to build server in 24s
2026.03.06 16:02:24 INFO  Connected to Build server: Bloop v2.0.19
2026.03.06 16:02:32 WARN  Could not find java sources in /usr/lib/jvm/src.zip, /usr/lib/jvm/lib/src.zip, /usr/lib/jvm/java-25-openjdk/src.zip, /usr/lib/jvm/java-25-openjdk/lib/src.zip. Java symbols will not be available.
2026.03.06 16:02:34 INFO  time: indexed workspace in 9.8s
2026.03.06 16:02:34 INFO  compiling store-service (2 scala sources)
2026.03.06 16:02:36 INFO  time: compiled store-service in 2.1s
2026.03.06 16:03:55 INFO  compiling store-service (1 scala source)
2026.03.06 16:03:55 INFO  time: compiled store-service in 0.55s
2026.03.06 16:03:57 INFO  compiling store-service (1 scala source)
2026.03.06 16:03:57 INFO  time: compiled store-service in 0.25s
2026.03.06 16:05:05 INFO  compiling store-service (1 scala source)
2026.03.06 16:05:05 INFO  time: compiled store-service in 0.31s
2026.03.06 16:05:05 INFO  compiling store-service (1 scala source)
2026.03.06 16:05:05 INFO  time: compiled store-service in 0.2s
2026.03.06 16:05:13 INFO  compiling store-service (1 scala source)
2026.03.06 16:05:13 INFO  time: compiled store-service in 0.24s
2026.03.06 16:05:13 INFO  compiling store-service (1 scala source)
2026.03.06 16:05:13 INFO  time: compiled store-service in 0.16s
2026.03.06 16:05:16 INFO  compiling store-service (1 scala source)
2026.03.06 16:05:16 INFO  time: compiled store-service in 0.22s
2026.03.06 16:05:16 INFO  compiling store-service (1 scala source)
2026.03.06 16:05:16 INFO  time: compiled store-service in 0.13s
2026.03.06 16:06:55 INFO  Shutting down server
2026.03.06 16:06:55 INFO  Memory monitor stopped
2026.03.06 16:06:55 INFO  shutting down Metals
2026.03.06 16:06:55 INFO  Shut down connection with build server.
2026.03.06 16:06:55 INFO  Shut down connection with build server.
2026.03.06 16:06:55 INFO  Cancelling compilation on Bloop server
2026.03.06 16:06:55 INFO  Shutting down server
2026.03.06 16:06:55 INFO  Memory monitor stopped
2026.03.06 16:06:55 INFO  unable to setup persistent H2 database with AUTO_SERVER=true, falling back to AUTO_SERVER=false.
java.util.concurrent.RejectedExecutionException: Task Future(<not completed>) rejected from java.util.concurrent.ThreadPoolExecutor@4667ae56[Shutting down, pool size = 3, active threads = 3, queued tasks = 0, completed tasks = 1878]
	at java.base/java.util.concurrent.ThreadPoolExecutor$AbortPolicy.rejectedExecution(ThreadPoolExecutor.java:2032)
	at java.base/java.util.concurrent.ThreadPoolExecutor.reject(ThreadPoolExecutor.java:787)
	at java.base/java.util.concurrent.ThreadPoolExecutor.execute(ThreadPoolExecutor.java:1328)
	at scala.concurrent.impl.ExecutionContextImpl.execute(ExecutionContextImpl.scala:21)
	at scala.concurrent.impl.Promise$Transformation.submitWithValue(Promise.scala:462)
	at scala.concurrent.impl.Promise$DefaultPromise.submitWithValue(Promise.scala:371)
	at scala.concurrent.impl.Promise$DefaultPromise.tryComplete0(Promise.scala:295)
	at scala.concurrent.impl.Promise$Transformation.handleFailure(Promise.scala:477)
	at scala.concurrent.impl.Promise$Transformation.run(Promise.scala:539)
	at java.base/java.util.concurrent.ThreadPoolExecutor.runWorker(ThreadPoolExecutor.java:1090)
	at java.base/java.util.concurrent.ThreadPoolExecutor$Worker.run(ThreadPoolExecutor.java:614)
	at java.base/java.lang.Thread.run(Thread.java:1474)
java.util.concurrent.RejectedExecutionException: Task Future(<not completed>) rejected from java.util.concurrent.ThreadPoolExecutor@4667ae56[Shutting down, pool size = 3, active threads = 3, queued tasks = 0, completed tasks = 1878]
	at java.base/java.util.concurrent.ThreadPoolExecutor$AbortPolicy.rejectedExecution(ThreadPoolExecutor.java:2032)
	at java.base/java.util.concurrent.ThreadPoolExecutor.reject(ThreadPoolExecutor.java:787)
	at java.base/java.util.concurrent.ThreadPoolExecutor.execute(ThreadPoolExecutor.java:1328)
	at scala.concurrent.impl.ExecutionContextImpl.execute(ExecutionContextImpl.scala:21)
	at scala.concurrent.impl.Promise$Transformation.submitWithValue(Promise.scala:462)
	at scala.concurrent.impl.Promise$DefaultPromise.submitWithValue(Promise.scala:371)
	at scala.concurrent.impl.Promise$DefaultPromise.tryComplete0(Promise.scala:295)
	at scala.concurrent.impl.Promise$Transformation.handleFailure(Promise.scala:477)
	at scala.concurrent.impl.Promise$Transformation.submitWithValue(Promise.scala:468)
	at scala.concurrent.impl.Promise$DefaultPromise.submitWithValue(Promise.scala:371)
	at scala.concurrent.impl.Promise$DefaultPromise.tryComplete0(Promise.scala:295)
	at scala.concurrent.impl.Promise$Transformation.handleFailure(Promise.scala:477)
	at scala.concurrent.impl.Promise$Transformation.run(Promise.scala:539)
2026.03.06 16:07:21 INFO  Started: Metals version 1.6.6 in folders '/home/asura/projects/exposure/services/store-service' for client Neovim 0.11.6+v0.11.6.
2026.03.06 16:07:21 INFO  Memory monitor started
2026.03.06 16:07:24 WARN  Using H2 2.4.240 which is newer than the version Flyway has been verified with. The latest verified version of H2 is 2.3.232.
2026.03.06 16:07:24 INFO  no build target found for /home/asura/projects/exposure/services/store-service/src/main/scala/dev/asura/store/Main.scala. Using presentation compiler with project's scala-library version: 3.3.7
2026.03.06 16:07:24 INFO  Attempting to connect to the build server...
2026.03.06 16:07:24 INFO  Found a Bloop server running
2026.03.06 16:07:24 INFO  tracing is disabled for protocol BSP, to enable tracing of incoming and outgoing JSON messages create an empty file at /home/asura/projects/exposure/services/store-service/.metals/bsp.trace.json or /home/asura/.cache/metals/bsp.trace.json
2026.03.06 16:07:24 INFO  Attempting to connect to the build server...
2026.03.06 16:07:24 INFO  Found a Bloop server running
2026.03.06 16:07:24 INFO  tracing is disabled for protocol BSP, to enable tracing of incoming and outgoing JSON messages create an empty file at /home/asura/projects/exposure/services/store-service/project/.metals/bsp.trace.json or /home/asura/.cache/metals/bsp.trace.json
2026.03.06 16:07:24 INFO  time: Connected to build server in 0.27s
2026.03.06 16:07:24 INFO  Connected to Build server: Bloop v2.0.19
2026.03.06 16:07:24 INFO  compiling store-service (2 scala sources)
2026.03.06 16:07:25 INFO  time: compiled store-service in 0.36s
2026.03.06 16:07:26 WARN  Could not find java sources in /usr/lib/jvm/src.zip, /usr/lib/jvm/lib/src.zip, /usr/lib/jvm/java-25-openjdk/src.zip, /usr/lib/jvm/java-25-openjdk/lib/src.zip. Java symbols will not be available.
2026.03.06 16:07:26 INFO  time: indexed workspace in 1.92s
2026.03.06 16:07:40 INFO  compiling store-service (1 scala source)
2026.03.06 16:07:40 ERROR /home/asura/projects/exposure/services/store-service/src/main/scala/dev/asura/store/Main.scala
java.nio.file.NoSuchFileException: /home/asura/projects/exposure/services/store-service/src/main/scala/dev/asura/store/Main.scala
	at sun.nio.fs.UnixException.translateToIOException(UnixException.java:92)
	at sun.nio.fs.UnixException.rethrowAsIOException(UnixException.java:106)
	at sun.nio.fs.UnixException.rethrowAsIOException(UnixException.java:111)
	at sun.nio.fs.UnixFileSystemProvider.newFileChannel(UnixFileSystemProvider.java:213)
	at sun.nio.fs.UnixFileSystemProvider.newByteChannel(UnixFileSystemProvider.java:244)
	at java.nio.file.Files.newByteChannel(Files.java:357)
	at java.nio.file.Files.newByteChannel(Files.java:399)
	at java.nio.file.Files.readAllBytes(Files.java:2973)
	at scala.meta.internal.io.PlatformFileIO$.slurp(PlatformFileIO.scala:38)
	at scala.meta.internal.io.FileIO$.slurp(FileIO.scala:18)
	at scala.meta.internal.mtags.ScalametaCommonEnrichments$XtensionAbsolutePath.toInput(ScalametaCommonEnrichments.scala:519)
	at scala.meta.internal.metals.Docstrings.expireSymbolDefinition(Docstrings.scala:125)
	at scala.meta.internal.metals.Indexer.indexSourceFile(Indexer.scala:603)
	at scala.meta.internal.metals.Indexer.$anonfun$reindexWorkspaceSources$3(Indexer.scala:691)
	at scala.meta.internal.metals.Indexer.$anonfun$reindexWorkspaceSources$3$adapted(Indexer.scala:688)
	at scala.collection.IterableOnceOps.foreach(IterableOnce.scala:630)
	at scala.collection.IterableOnceOps.foreach$(IterableOnce.scala:628)
	at scala.collection.AbstractIterator.foreach(Iterator.scala:1313)
	at scala.meta.internal.metals.Indexer.reindexWorkspaceSources(Indexer.scala:688)
	at scala.meta.internal.metals.MetalsLspService.$anonfun$onChange$2(MetalsLspService.scala:940)
	at scala.runtime.java8.JFunction0$mcV$sp.apply(JFunction0$mcV$sp.scala:18)
	at scala.concurrent.Future$.$anonfun$apply$1(Future.scala:691)
	at scala.concurrent.impl.Promise$Transformation.run(Promise.scala:500)
	at java.util.concurrent.ThreadPoolExecutor.runWorker(ThreadPoolExecutor.java:1090)
	at java.util.concurrent.ThreadPoolExecutor$Worker.run(ThreadPoolExecutor.java:614)
	at java.lang.Thread.run(Thread.java:1474)

2026.03.06 16:07:40 INFO  time: compiled store-service in 0.19s
2026.03.06 16:07:40 INFO  compiling store-service (1 scala source)
2026.03.06 16:07:40 INFO  time: compiled store-service in 0.14s
2026.03.06 16:09:35 INFO  compiling store-service (1 scala source)
2026.03.06 16:09:35 INFO  time: compiled store-service in 0.19s
2026.03.06 16:09:35 INFO  compiling store-service (1 scala source)
2026.03.06 16:09:35 INFO  time: compiled store-service in 0.14s
